Build started 24.03.2018 12:53:20.
     1>Project "E:\лабы\ОАиП 1 семестр\5d\5d\5d.vcxproj" on node 2 (Build target(s)).
     1>ClCompile:
         C:\Program Files (x86)\Microsoft Visual Studio 12.0\VC\bin\CL.exe /c /ZI /nologo /W3 /WX- /Od /Oy- /D WIN32 /D _DEBUG /D _CONSOLE /D _LIB /D _UNICODE /D UNICODE /Gm /EHsc /RTC1 /MDd /GS /fp:precise /Zc:wchar_t /Zc:forScope /Fo"Debug\\" /Fd"Debug\vc120.pdb" /Gd /TP /analyze- /errorReport:prompt 5d.cpp
         5d.cpp
     1>e:\лабы\оаип 1 семестр\5d\5d\5d.cpp(31): warning C4996: 'gets': This function or variable may be unsafe. Consider using gets_s instead. To disable deprecation, use _CRT_SECURE_NO_WARNINGS. See online help for details.
                 c:\program files (x86)\microsoft visual studio 12.0\vc\include\stdio.h(254) : see declaration of 'gets'
     1>e:\лабы\оаип 1 семестр\5d\5d\5d.cpp(86): warning C4018: '>' : signed/unsigned mismatch
     1>e:\лабы\оаип 1 семестр\5d\5d\5d.cpp(88): warning C4018: '>' : signed/unsigned mismatch
     1>e:\лабы\оаип 1 семестр\5d\5d\5d.cpp(90): warning C4996: 'strcpy': This function or variable may be unsafe. Consider using strcpy_s instead. To disable deprecation, use _CRT_SECURE_NO_WARNINGS. See online help for details.
                 c:\program files (x86)\microsoft visual studio 12.0\vc\include\string.h(112) : see declaration of 'strcpy'
     1>e:\лабы\оаип 1 семестр\5d\5d\5d.cpp(95): warning C4101: 'i' : unreferenced local variable
     1>e:\лабы\оаип 1 семестр\5d\5d\5d.cpp(124): warning C4996: 'gets': This function or variable may be unsafe. Consider using gets_s instead. To disable deprecation, use _CRT_SECURE_NO_WARNINGS. See online help for details.
                 c:\program files (x86)\microsoft visual studio 12.0\vc\include\stdio.h(254) : see declaration of 'gets'
     1>e:\лабы\оаип 1 семестр\5d\5d\5d.cpp(141): warning C4996: 'gets': This function or variable may be unsafe. Consider using gets_s instead. To disable deprecation, use _CRT_SECURE_NO_WARNINGS. See online help for details.
                 c:\program files (x86)\microsoft visual studio 12.0\vc\include\stdio.h(254) : see declaration of 'gets'
     1>e:\лабы\оаип 1 семестр\5d\5d\5d.cpp(170): warning C4996: 'fopen': This function or variable may be unsafe. Consider using fopen_s instead. To disable deprecation, use _CRT_SECURE_NO_WARNINGS. See online help for details.
                 c:\program files (x86)\microsoft visual studio 12.0\vc\include\stdio.h(211) : see declaration of 'fopen'
     1>e:\лабы\оаип 1 семестр\5d\5d\5d.cpp(188): warning C4996: 'fopen': This function or variable may be unsafe. Consider using fopen_s instead. To disable deprecation, use _CRT_SECURE_NO_WARNINGS. See online help for details.
                 c:\program files (x86)\microsoft visual studio 12.0\vc\include\stdio.h(211) : see declaration of 'fopen'
       Link:
         C:\Program Files (x86)\Microsoft Visual Studio 12.0\VC\bin\link.exe /ERRORREPORT:PROMPT /OUT:"E:\лабы\ОАиП 1 семестр\5d\Debug\5d.exe" /INCREMENTAL /NOLOGO kernel32.lib user32.lib gdi32.lib winspool.lib comdlg32.lib advapi32.lib shell32.lib ole32.lib oleaut32.lib uuid.lib odbc32.lib odbccp32.lib /MANIFEST /MANIFESTUAC:"level='asInvoker' uiAccess='false'" /manifest:embed /DEBUG /PDB:"E:\лабы\ОАиП 1 семестр\5d\Debug\5d.pdb" /SUBSYSTEM:CONSOLE /TLBID:1 /DYNAMICBASE /NXCOMPAT /IMPLIB:"E:\лабы\ОАиП 1 семестр\5d\Debug\5d.lib" /MACHINE:X86 Debug\5d.obj
         5d.vcxproj -> E:\лабы\ОАиП 1 семестр\5d\Debug\5d.exe
     1>Done Building Project "E:\лабы\ОАиП 1 семестр\5d\5d\5d.vcxproj" (Build target(s)).

Build succeeded.

Time Elapsed 00:00:01.54
